0 info it worked if it ends with ok
1 verbose cli [ '/usr/local/bin/node', '/usr/local/bin/npm', 'start' ]
2 info using npm@3.9.3
3 info using node@v6.2.1
4 verbose run-script [ 'prestart', 'start', 'poststart' ]
5 info lifecycle wakeup@1.0.0~prestart: wakeup@1.0.0
6 silly lifecycle wakeup@1.0.0~prestart: no script for prestart, continuing
7 info lifecycle wakeup@1.0.0~start: wakeup@1.0.0
8 verbose lifecycle wakeup@1.0.0~start: unsafe-perm in lifecycle true
9 verbose lifecycle wakeup@1.0.0~start: PATH: /usr/local/lib/node_modules/npm/bin/node-gyp-bin:/Users/ludvig/dev/wakeup/node_modules/.bin:/usr/local/bin:/usr/local/heroku/bin:/Applications/MAMP/bin/php/php5.6.10/bin:/usr/bin:/usr/local/git/bin:/sw/bin/:/usr/local/bin:/usr/local/:/usr/local/sbin:/usr/local/mysql/bin:/usr/local/bin:/usr/bin:/bin:/usr/sbin:/sbin:~/.composer/vendor/bin:/opt/X11/bin:/Users/ludvig/dev/utils/sdk/android/sdk/tools:/Users/ludvig/dev/utils/sdk/android/sdk/platform-tools:/Applications/Postgres.app/Contents/Versions/9.3/bin:/Users/ludvig/.composer/vendor/bin
10 verbose lifecycle wakeup@1.0.0~start: CWD: /Users/ludvig/dev/wakeup
11 silly lifecycle wakeup@1.0.0~start: Args: [ '-c', 'babel-node server.js' ]
12 silly lifecycle wakeup@1.0.0~start: Returned: code: 1  signal: null
13 info lifecycle wakeup@1.0.0~start: Failed to exec start script
14 verbose stack Error: wakeup@1.0.0 start: `babel-node server.js`
14 verbose stack Exit status 1
14 verbose stack     at EventEmitter.<anonymous> (/usr/local/lib/node_modules/npm/lib/utils/lifecycle.js:245:16)
14 verbose stack     at emitTwo (events.js:106:13)
14 verbose stack     at EventEmitter.emit (events.js:191:7)
14 verbose stack     at ChildProcess.<anonymous> (/usr/local/lib/node_modules/npm/lib/utils/spawn.js:24:14)
14 verbose stack     at emitTwo (events.js:106:13)
14 verbose stack     at ChildProcess.emit (events.js:191:7)
14 verbose stack     at maybeClose (internal/child_process.js:852:16)
14 verbose stack     at Process.ChildProcess._handle.onexit (internal/child_process.js:215:5)
15 verbose pkgid wakeup@1.0.0
16 verbose cwd /Users/ludvig/dev/wakeup
17 error Darwin 15.6.0
18 error argv "/usr/local/bin/node" "/usr/local/bin/npm" "start"
19 error node v6.2.1
20 error npm  v3.9.3
21 error code ELIFECYCLE
22 error wakeup@1.0.0 start: `babel-node server.js`
22 error Exit status 1
23 error Failed at the wakeup@1.0.0 start script 'babel-node server.js'.
23 error Make sure you have the latest version of node.js and npm installed.
23 error If you do, this is most likely a problem with the wakeup package,
23 error not with npm itself.
23 error Tell the author that this fails on your system:
23 error     babel-node server.js
23 error You can get information on how to open an issue for this project with:
23 error     npm bugs wakeup
23 error Or if that isn't available, you can get their info via:
23 error     npm owner ls wakeup
23 error There is likely additional logging output above.
24 verbose exit [ 1, true ]
